2024-11-04T03:38:45+00:00 INFO Start-Cartflows_Frontend::redirect_to_thankyou_page
2024-11-04T03:38:45+00:00 INFO Only for thank you page
2024-11-04T03:38:45+00:00 INFO End-Cartflows_Frontend::redirect_to_thankyou_page
2024-11-04T05:58:14+00:00 INFO Start-Cartflows_Frontend::redirect_to_thankyou_page
2024-11-04T05:58:14+00:00 INFO Only for thank you page
2024-11-04T05:58:14+00:00 INFO End-Cartflows_Frontend::redirect_to_thankyou_page
2024-11-04T06:25:05+00:00 INFO Start-Cartflows_Frontend::redirect_to_thankyou_page
2024-11-04T06:25:05+00:00 INFO Only for thank you page
2024-11-04T06:25:05+00:00 INFO End-Cartflows_Frontend::redirect_to_thankyou_page
2024-11-04T06:37:16+00:00 INFO Start-Cartflows_Frontend::redirect_to_thankyou_page
2024-11-04T06:37:16+00:00 INFO Only for thank you page
2024-11-04T06:37:16+00:00 INFO End-Cartflows_Frontend::redirect_to_thankyou_page
2024-11-04T07:53:00+00:00 INFO Start-Cartflows_Frontend::redirect_to_thankyou_page
2024-11-04T07:53:00+00:00 INFO Only for thank you page
2024-11-04T07:53:00+00:00 INFO End-Cartflows_Frontend::redirect_to_thankyou_page
2024-11-04T08:05:44+00:00 INFO Start-Cartflows_Frontend::redirect_to_thankyou_page
2024-11-04T08:05:44+00:00 INFO Only for thank you page
2024-11-04T08:05:44+00:00 INFO End-Cartflows_Frontend::redirect_to_thankyou_page
2024-11-04T14:10:37+00:00 INFO Start-Cartflows_Admin_Report_Emails::send_weekly_report_email
2024-11-04T14:10:37+00:00 INFO Send weekly emails to anhtuanlk01@gmail.com
2024-11-04T14:10:37+00:00 INFO Total Revenue: <span class="woocommerce-Price-amount amount"><bdi>0<span class="woocommerce-Price-currencySymbol">&#8363;</span></bdi></span>
