2024-11-11T06:21:24+00:00 INFO Start-Cartflows_Frontend::redirect_to_thankyou_page
2024-11-11T06:21:24+00:00 INFO Only for thank you page
2024-11-11T06:21:24+00:00 INFO End-Cartflows_Frontend::redirect_to_thankyou_page
2024-11-11T06:55:33+00:00 INFO Start-Cartflows_Frontend::redirect_to_thankyou_page
2024-11-11T06:55:33+00:00 INFO Only for thank you page
2024-11-11T06:55:33+00:00 INFO End-Cartflows_Frontend::redirect_to_thankyou_page
2024-11-11T06:55:36+00:00 INFO Start-Cartflows_Frontend::redirect_to_thankyou_page
2024-11-11T06:55:36+00:00 INFO Only for thank you page
2024-11-11T06:55:36+00:00 INFO End-Cartflows_Frontend::redirect_to_thankyou_page
2024-11-11T06:55:36+00:00 INFO Start-Cartflows_Frontend::redirect_to_thankyou_page
2024-11-11T06:55:36+00:00 INFO Only for thank you page
2024-11-11T06:55:36+00:00 INFO End-Cartflows_Frontend::redirect_to_thankyou_page
2024-11-11T06:58:11+00:00 INFO Start-Cartflows_Frontend::redirect_to_thankyou_page
2024-11-11T06:58:11+00:00 INFO Only for thank you page
2024-11-11T06:58:11+00:00 INFO End-Cartflows_Frontend::redirect_to_thankyou_page
2024-11-11T06:58:13+00:00 INFO Start-Cartflows_Frontend::redirect_to_thankyou_page
2024-11-11T06:58:13+00:00 INFO Only for thank you page
2024-11-11T06:58:13+00:00 INFO End-Cartflows_Frontend::redirect_to_thankyou_page
2024-11-11T06:58:14+00:00 INFO Start-Cartflows_Frontend::redirect_to_thankyou_page
2024-11-11T06:58:14+00:00 INFO Only for thank you page
2024-11-11T06:58:14+00:00 INFO End-Cartflows_Frontend::redirect_to_thankyou_page
2024-11-11T07:03:20+00:00 INFO Start-Cartflows_Frontend::redirect_to_thankyou_page
2024-11-11T07:03:20+00:00 INFO Only for thank you page
2024-11-11T07:03:20+00:00 INFO End-Cartflows_Frontend::redirect_to_thankyou_page
2024-11-11T07:03:22+00:00 INFO Start-Cartflows_Frontend::redirect_to_thankyou_page
2024-11-11T07:03:22+00:00 INFO Only for thank you page
2024-11-11T07:03:22+00:00 INFO End-Cartflows_Frontend::redirect_to_thankyou_page
2024-11-11T07:03:23+00:00 INFO Start-Cartflows_Frontend::redirect_to_thankyou_page
2024-11-11T07:03:23+00:00 INFO Only for thank you page
2024-11-11T07:03:23+00:00 INFO End-Cartflows_Frontend::redirect_to_thankyou_page
2024-11-11T14:19:56+00:00 INFO Start-Cartflows_Admin_Report_Emails::send_weekly_report_email
2024-11-11T14:19:56+00:00 INFO Send weekly emails to anhtuanlk01@gmail.com
2024-11-11T14:19:56+00:00 INFO Total Revenue: <span class="woocommerce-Price-amount amount"><bdi>0<span class="woocommerce-Price-currencySymbol">&#8363;</span></bdi></span>
