2024-10-31T05:20:01+00:00 DEBUG Tt4b_Pixel_Class::inject_initiate_checkout_event: hit InitiateCheckout
2024-10-31T05:20:01+00:00 DEBUG Tt4b_Pixel_Class::inject_initiate_checkout_event: Missing option "access_token"
2024-10-31T05:24:12+00:00 DEBUG Tt4b_Pixel_Class::inject_view_content_event: hit ViewContent
2024-10-31T05:24:12+00:00 DEBUG Tt4b_Pixel_Class::inject_view_content_event: Missing option "access_token"
2024-10-31T05:29:52+00:00 DEBUG Tt4b_Pixel_Class::inject_initiate_checkout_event: hit InitiateCheckout
2024-10-31T05:29:52+00:00 DEBUG Tt4b_Pixel_Class::inject_initiate_checkout_event: Missing option "access_token"
2024-10-31T05:31:06+00:00 DEBUG Tt4b_Pixel_Class::inject_view_content_event: hit ViewContent
2024-10-31T05:31:06+00:00 DEBUG Tt4b_Pixel_Class::inject_view_content_event: Missing option "access_token"
2024-10-31T06:37:39+00:00 DEBUG Tt4b_Pixel_Class::inject_view_content_event: hit ViewContent
2024-10-31T06:37:39+00:00 DEBUG Tt4b_Pixel_Class::inject_view_content_event: Missing option "access_token"
2024-10-31T06:42:07+00:00 DEBUG Tt4b_Pixel_Class::inject_view_content_event: hit ViewContent
2024-10-31T06:42:07+00:00 DEBUG Tt4b_Pixel_Class::inject_view_content_event: Missing option "access_token"
2024-10-31T06:56:12+00:00 DEBUG Tt4b_Pixel_Class::inject_view_content_event: hit ViewContent
2024-10-31T06:56:12+00:00 DEBUG Tt4b_Pixel_Class::inject_view_content_event: Missing option "access_token"
2024-10-31T06:58:00+00:00 DEBUG tt4b_product_delete: missing access token for tt4b_product_sync
2024-10-31T06:58:00+00:00 DEBUG tt4b_product_delete: missing access token for tt4b_product_sync
2024-10-31T06:58:57+00:00 DEBUG tt4b_product_delete: missing access token for tt4b_product_sync
2024-10-31T06:58:57+00:00 DEBUG tt4b_product_delete: missing access token for tt4b_product_sync
2024-10-31T06:58:57+00:00 DEBUG tt4b_product_delete: missing access token for tt4b_product_sync
2024-10-31T06:59:22+00:00 DEBUG tt4b_product_delete: missing access token for tt4b_product_sync
2024-10-31T06:59:23+00:00 DEBUG tt4b_product_delete: missing access token for tt4b_product_sync
2024-10-31T06:59:56+00:00 DEBUG tt4b_product_delete: missing access token for tt4b_product_sync
2024-10-31T07:03:43+00:00 DEBUG Tt4b_Pixel_Class::inject_view_content_event: hit ViewContent
2024-10-31T07:03:43+00:00 DEBUG Tt4b_Pixel_Class::inject_view_content_event: Missing option "access_token"
2024-10-31T07:03:53+00:00 DEBUG Tt4b_Pixel_Class::inject_view_content_event: hit ViewContent
2024-10-31T07:03:53+00:00 DEBUG Tt4b_Pixel_Class::inject_view_content_event: Missing option "access_token"
